# JRE version: OpenJDK Runtime Environment (8.0_152-b02) (build 1.8.0_152-release-1024-b02)
# Java VM: OpenJDK 64-Bit Server VM (25.152-b02 mixed mode windows-amd64 compressed oops)
Heap:
 PSYoungGen      total 99840K, used 16637K [0x00000000e0000000, 0x00000000e9d00000, 0x0000000100000000)
  eden space 82944K, 0% used [0x00000000e0000000,0x00000000e0000000,0x00000000e5100000)
  from space 16896K, 98% used [0x00000000e8c80000,0x00000000e9cbf7b0,0x00000000e9d00000)
  to   space 20480K, 0% used [0x00000000e7500000,0x00000000e7500000,0x00000000e8900000)
 ParOldGen       total 79360K, used 29360K [0x00000000a0000000, 0x00000000a4d80000, 0x00000000e0000000)
  object space 79360K, 36% used [0x00000000a0000000,0x00000000a1cac380,0x00000000a4d80000)
 Metaspace       used 57096K, capacity 58916K, committed 59028K, reserved 1099776K
  class space    used 7682K, capacity 8136K, committed 8192K, reserved 1048576K
GC Heap History (10 events):
Event: 53.747 GC heap after
Heap after GC invocations=10 (full 2):
 PSYoungGen      total 70656K, used 11248K [0x00000000e0000000, 0x00000000e8280000, 0x0000000100000000)
  eden space 59392K, 0% used [0x00000000e0000000,0x00000000e0000000,0x00000000e3a00000)
  from space 11264K, 99% used [0x00000000e4600000,0x00000000e50fc038,0x00000000e5100000)
  to   space 12288K, 0% used [0x00000000e3a00000,0x00000000e3a00000,0x00000000e4600000)
 ParOldGen       total 79360K, used 16542K [0x00000000a0000000, 0x00000000a4d80000, 0x00000000e0000000)
  object space 79360K, 20% used [0x00000000a0000000,0x00000000a1027bc0,0x00000000a4d80000)
 Metaspace       used 42331K, capacity 43226K, committed 43480K, reserved 1087488K
  class space    used 5837K, capacity 6136K, committed 6144K, reserved 1048576K
}
Event: 58.815 GC heap before
{Heap before GC invocations=11 (full 2):
 PSYoungGen      total 70656K, used 70640K [0x00000000e0000000, 0x00000000e8280000, 0x0000000100000000)
  eden space 59392K, 100% used [0x00000000e0000000,0x00000000e3a00000,0x00000000e3a00000)
  from space 11264K, 99% used [0x00000000e4600000,0x00000000e50fc038,0x00000000e5100000)
  to   space 12288K, 0% used [0x00000000e3a00000,0x00000000e3a00000,0x00000000e4600000)
 ParOldGen       total 79360K, used 16542K [0x00000000a0000000, 0x00000000a4d80000, 0x00000000e0000000)
  object space 79360K, 20% used [0x00000000a0000000,0x00000000a1027bc0,0x00000000a4d80000)
 Metaspace       used 48061K, capacity 49192K, committed 49368K, reserved 1091584K
  class space    used 6527K, capacity 6831K, committed 6912K, reserved 1048576K
Event: 58.835 GC heap after
Heap after GC invocations=11 (full 2):
 PSYoungGen      total 71680K, used 12257K [0x00000000e0000000, 0x00000000e7000000, 0x0000000100000000)
  eden space 59392K, 0% used [0x00000000e0000000,0x00000000e0000000,0x00000000e3a00000)
  from space 12288K, 99% used [0x00000000e3a00000,0x00000000e45f8460,0x00000000e4600000)
  to   space 13824K, 0% used [0x00000000e6280000,0x00000000e6280000,0x00000000e7000000)
 ParOldGen       total 79360K, used 17486K [0x00000000a0000000, 0x00000000a4d80000, 0x00000000e0000000)
  object space 79360K, 22% used [0x00000000a0000000,0x00000000a1113b50,0x00000000a4d80000)
 Metaspace       used 48061K, capacity 49192K, committed 49368K, reserved 1091584K
  class space    used 6527K, capacity 6831K, committed 6912K, reserved 1048576K
}
Event: 63.200 GC heap before
{Heap before GC invocations=12 (full 2):
 PSYoungGen      total 71680K, used 71649K [0x00000000e0000000, 0x00000000e7000000, 0x0000000100000000)
  eden space 59392K, 100% used [0x00000000e0000000,0x00000000e3a00000,0x00000000e3a00000)
  from space 12288K, 99% used [0x00000000e3a00000,0x00000000e45f8460,0x00000000e4600000)
  to   space 13824K, 0% used [0x00000000e6280000,0x00000000e6280000,0x00000000e7000000)
 ParOldGen       total 79360K, used 17486K [0x00000000a0000000, 0x00000000a4d80000, 0x00000000e0000000)
  object space 79360K, 22% used [0x00000000a0000000,0x00000000a1113b50,0x00000000a4d80000)
 Metaspace       used 52137K, capacity 53586K, committed 53848K, reserved 1095680K
  class space    used 7175K, capacity 7542K, committed 7552K, reserved 1048576K
Event: 63.222 GC heap after
Heap after GC invocations=12 (full 2):
 PSYoungGen      total 98816K, used 13816K [0x00000000e0000000, 0x00000000e7380000, 0x0000000100000000)
  eden space 84992K, 0% used [0x00000000e0000000,0x00000000e0000000,0x00000000e5300000)
  from space 13824K, 99% used [0x00000000e6280000,0x00000000e6ffe048,0x00000000e7000000)
  to   space 15872K, 0% used [0x00000000e5300000,0x00000000e5300000,0x00000000e6280000)
 ParOldGen       total 79360K, used 20132K [0x00000000a0000000, 0x00000000a4d80000, 0x00000000e0000000)
  object space 79360K, 25% used [0x00000000a0000000,0x00000000a13a90e0,0x00000000a4d80000)
 Metaspace       used 52137K, capacity 53586K, committed 53848K, reserved 1095680K
  class space    used 7175K, capacity 7542K, committed 7552K, reserved 1048576K
}
Event: 66.366 GC heap before
{Heap before GC invocations=13 (full 2):
 PSYoungGen      total 98816K, used 98808K [0x00000000e0000000, 0x00000000e7380000, 0x0000000100000000)
  eden space 84992K, 100% used [0x00000000e0000000,0x00000000e5300000,0x00000000e5300000)
  from space 13824K, 99% used [0x00000000e6280000,0x00000000e6ffe048,0x00000000e7000000)
  to   space 15872K, 0% used [0x00000000e5300000,0x00000000e5300000,0x00000000e6280000)
 ParOldGen       total 79360K, used 20132K [0x00000000a0000000, 0x00000000a4d80000, 0x00000000e0000000)
  object space 79360K, 25% used [0x00000000a0000000,0x00000000a13a90e0,0x00000000a4d80000)
 Metaspace       used 53265K, capacity 54846K, committed 55000K, reserved 1097728K
  class space    used 7281K, capacity 7656K, committed 7680K, reserved 1048576K
Event: 66.405 GC heap after
Heap after GC invocations=13 (full 2):
 PSYoungGen      total 100864K, used 15843K [0x00000000e0000000, 0x00000000e9f00000, 0x0000000100000000)
  eden space 84992K, 0% used [0x00000000e0000000,0x00000000e0000000,0x00000000e5300000)
  from space 15872K, 99% used [0x00000000e5300000,0x00000000e6278da8,0x00000000e6280000)
  to   space 18944K, 0% used [0x00000000e8c80000,0x00000000e8c80000,0x00000000e9f00000)
 ParOldGen       total 79360K, used 24298K [0x00000000a0000000, 0x00000000a4d80000, 0x00000000e0000000)
  object space 79360K, 30% used [0x00000000a0000000,0x00000000a17baaf0,0x00000000a4d80000)
 Metaspace       used 53265K, capacity 54846K, committed 55000K, reserved 1097728K
  class space    used 7281K, capacity 7656K, committed 7680K, reserved 1048576K
}
Event: 347.583 GC heap before
{Heap before GC invocations=14 (full 2):
 PSYoungGen      total 100864K, used 88552K [0x00000000e0000000, 0x00000000e9f00000, 0x0000000100000000)
  eden space 84992K, 85% used [0x00000000e0000000,0x00000000e4701408,0x00000000e5300000)
  from space 15872K, 99% used [0x00000000e5300000,0x00000000e6278da8,0x00000000e6280000)
  to   space 18944K, 0% used [0x00000000e8c80000,0x00000000e8c80000,0x00000000e9f00000)
 ParOldGen       total 79360K, used 24298K [0x00000000a0000000, 0x00000000a4d80000, 0x00000000e0000000)
  object space 79360K, 30% used [0x00000000a0000000,0x00000000a17baaf0,0x00000000a4d80000)
 Metaspace       used 57096K, capacity 58916K, committed 59028K, reserved 1099776K
  class space    used 7682K, capacity 8136K, committed 8192K, reserved 1048576K
Event: 347.614 GC heap after
Heap after GC invocations=14 (full 2):
 PSYoungGen      total 99840K, used 16637K [0x00000000e0000000, 0x00000000e9d00000, 0x0000000100000000)
  eden space 82944K, 0% used [0x00000000e0000000,0x00000000e0000000,0x00000000e5100000)
  from space 16896K, 98% used [0x00000000e8c80000,0x00000000e9cbf7b0,0x00000000e9d00000)
  to   space 20480K, 0% used [0x00000000e7500000,0x00000000e7500000,0x00000000e8900000)
 ParOldGen       total 79360K, used 29360K [0x00000000a0000000, 0x00000000a4d80000, 0x00000000e0000000)
  object space 79360K, 36% used [0x00000000a0000000,0x00000000a1cac380,0x00000000a4d80000)
 Metaspace       used 57096K, capacity 58916K, committed 59028K, reserved 1099776K
  class space    used 7682K, capacity 8136K, committed 8192K, reserved 1048576K
}
Event: 347.614 GC heap before
{Heap before GC invocations=15 (full 3):
 PSYoungGen      total 99840K, used 16637K [0x00000000e0000000, 0x00000000e9d00000, 0x0000000100000000)
  eden space 82944K, 0% used [0x00000000e0000000,0x00000000e0000000,0x00000000e5100000)
  from space 16896K, 98% used [0x00000000e8c80000,0x00000000e9cbf7b0,0x00000000e9d00000)
  to   space 20480K, 0% used [0x00000000e7500000,0x00000000e7500000,0x00000000e8900000)
 ParOldGen       total 79360K, used 29360K [0x00000000a0000000, 0x00000000a4d80000, 0x00000000e0000000)
  object space 79360K, 36% used [0x00000000a0000000,0x00000000a1cac380,0x00000000a4d80000)
 Metaspace       used 57096K, capacity 58916K, committed 59028K, reserved 1099776K
  class space    used 7682K, capacity 8136K, committed 8192K, reserved 1048576K

