# JRE version: OpenJDK Runtime Environment (8.0_152-b02) (build 1.8.0_152-release-1024-b02)
# Java VM: OpenJDK 64-Bit Server VM (25.152-b02 mixed mode windows-amd64 compressed oops)
Heap:
 PSYoungGen      total 391168K, used 391151K [0x00000000e0000000, 0x0000000100000000, 0x0000000100000000)
  eden space 292864K, 100% used [0x00000000e0000000,0x00000000f1e00000,0x00000000f1e00000)
  from space 98304K, 99% used [0x00000000f9500000,0x00000000ff4fbdf8,0x00000000ff500000)
  to   space 115712K, 99% used [0x00000000f1e00000,0x00000000f8ef97d0,0x00000000f8f00000)
 ParOldGen       total 458752K, used 147710K [0x00000000a0000000, 0x00000000bc000000, 0x00000000e0000000)
  object space 458752K, 32% used [0x00000000a0000000,0x00000000a903fa88,0x00000000bc000000)
 Metaspace       used 174213K, capacity 181496K, committed 182860K, reserved 1210368K
  class space    used 20180K, capacity 21679K, committed 21876K, reserved 1048576K
GC Heap History (10 events):
Event: 13392.753 GC heap after
Heap after GC invocations=73 (full 5):
 PSYoungGen      total 414720K, used 58278K [0x00000000e0000000, 0x0000000100000000, 0x0000000100000000)
  eden space 301056K, 0% used [0x00000000e0000000,0x00000000e0000000,0x00000000f2600000)
  from space 113664K, 51% used [0x00000000f9100000,0x00000000fc9e9950,0x0000000100000000)
  to   space 109568K, 0% used [0x00000000f2600000,0x00000000f2600000,0x00000000f9100000)
 ParOldGen       total 458752K, used 112286K [0x00000000a0000000, 0x00000000bc000000, 0x00000000e0000000)
  object space 458752K, 24% used [0x00000000a0000000,0x00000000a6da7b48,0x00000000bc000000)
 Metaspace       used 167992K, capacity 174938K, committed 176588K, reserved 1204224K
  class space    used 19516K, capacity 20954K, committed 21236K, reserved 1048576K
}
Event: 13395.990 GC heap before
{Heap before GC invocations=74 (full 5):
 PSYoungGen      total 414720K, used 359334K [0x00000000e0000000, 0x0000000100000000, 0x0000000100000000)
  eden space 301056K, 100% used [0x00000000e0000000,0x00000000f2600000,0x00000000f2600000)
  from space 113664K, 51% used [0x00000000f9100000,0x00000000fc9e9950,0x0000000100000000)
  to   space 109568K, 0% used [0x00000000f2600000,0x00000000f2600000,0x00000000f9100000)
 ParOldGen       total 458752K, used 112286K [0x00000000a0000000, 0x00000000bc000000, 0x00000000e0000000)
  object space 458752K, 24% used [0x00000000a0000000,0x00000000a6da7b48,0x00000000bc000000)
 Metaspace       used 168045K, capacity 175044K, committed 176844K, reserved 1204224K
  class space    used 19520K, capacity 20961K, committed 21236K, reserved 1048576K
Event: 13396.038 GC heap after
Heap after GC invocations=74 (full 5):
 PSYoungGen      total 355840K, used 54569K [0x00000000e0000000, 0x00000000ff300000, 0x0000000100000000)
  eden space 301056K, 0% used [0x00000000e0000000,0x00000000e0000000,0x00000000f2600000)
  from space 54784K, 99% used [0x00000000f2600000,0x00000000f5b4a580,0x00000000f5b80000)
  to   space 104960K, 0% used [0x00000000f8c80000,0x00000000f8c80000,0x00000000ff300000)
 ParOldGen       total 458752K, used 112294K [0x00000000a0000000, 0x00000000bc000000, 0x00000000e0000000)
  object space 458752K, 24% used [0x00000000a0000000,0x00000000a6da9b48,0x00000000bc000000)
 Metaspace       used 168045K, capacity 175044K, committed 176844K, reserved 1204224K
  class space    used 19520K, capacity 20961K, committed 21236K, reserved 1048576K
}
Event: 15996.981 GC heap before
{Heap before GC invocations=75 (full 5):
 PSYoungGen      total 355840K, used 355625K [0x00000000e0000000, 0x00000000ff300000, 0x0000000100000000)
  eden space 301056K, 100% used [0x00000000e0000000,0x00000000f2600000,0x00000000f2600000)
  from space 54784K, 99% used [0x00000000f2600000,0x00000000f5b4a580,0x00000000f5b80000)
  to   space 104960K, 0% used [0x00000000f8c80000,0x00000000f8c80000,0x00000000ff300000)
 ParOldGen       total 458752K, used 112294K [0x00000000a0000000, 0x00000000bc000000, 0x00000000e0000000)
  object space 458752K, 24% used [0x00000000a0000000,0x00000000a6da9b48,0x00000000bc000000)
 Metaspace       used 168209K, capacity 175304K, committed 176844K, reserved 1204224K
  class space    used 19538K, capacity 20993K, committed 21236K, reserved 1048576K
Event: 15997.041 GC heap after
Heap after GC invocations=75 (full 5):
 PSYoungGen      total 408064K, used 60349K [0x00000000e0000000, 0x0000000100000000, 0x0000000100000000)
  eden space 303104K, 0% used [0x00000000e0000000,0x00000000e0000000,0x00000000f2800000)
  from space 104960K, 57% used [0x00000000f8c80000,0x00000000fc76f530,0x00000000ff300000)
  to   space 102912K, 0% used [0x00000000f2800000,0x00000000f2800000,0x00000000f8c80000)
 ParOldGen       total 458752K, used 112302K [0x00000000a0000000, 0x00000000bc000000, 0x00000000e0000000)
  object space 458752K, 24% used [0x00000000a0000000,0x00000000a6dabb48,0x00000000bc000000)
 Metaspace       used 168209K, capacity 175304K, committed 176844K, reserved 1204224K
  class space    used 19538K, capacity 20993K, committed 21236K, reserved 1048576K
}
Event: 16054.917 GC heap before
{Heap before GC invocations=76 (full 5):
 PSYoungGen      total 408064K, used 363453K [0x00000000e0000000, 0x0000000100000000, 0x0000000100000000)
  eden space 303104K, 100% used [0x00000000e0000000,0x00000000f2800000,0x00000000f2800000)
  from space 104960K, 57% used [0x00000000f8c80000,0x00000000fc76f530,0x00000000ff300000)
  to   space 102912K, 0% used [0x00000000f2800000,0x00000000f2800000,0x00000000f8c80000)
 ParOldGen       total 458752K, used 112302K [0x00000000a0000000, 0x00000000bc000000, 0x00000000e0000000)
  object space 458752K, 24% used [0x00000000a0000000,0x00000000a6dabb48,0x00000000bc000000)
 Metaspace       used 168342K, capacity 175572K, committed 176844K, reserved 1204224K
  class space    used 19557K, capacity 21027K, committed 21236K, reserved 1048576K
Event: 16054.959 GC heap after
Heap after GC invocations=76 (full 5):
 PSYoungGen      total 406016K, used 51006K [0x00000000e0000000, 0x00000000ff500000, 0x0000000100000000)
  eden space 303104K, 0% used [0x00000000e0000000,0x00000000e0000000,0x00000000f2800000)
  from space 102912K, 49% used [0x00000000f2800000,0x00000000f59cf8d8,0x00000000f8c80000)
  to   space 98304K, 0% used [0x00000000f9500000,0x00000000f9500000,0x00000000ff500000)
 ParOldGen       total 458752K, used 112310K [0x00000000a0000000, 0x00000000bc000000, 0x00000000e0000000)
  object space 458752K, 24% used [0x00000000a0000000,0x00000000a6dadb48,0x00000000bc000000)
 Metaspace       used 168342K, capacity 175572K, committed 176844K, reserved 1204224K
  class space    used 19557K, capacity 21027K, committed 21236K, reserved 1048576K
}
Event: 16057.388 GC heap before
{Heap before GC invocations=77 (full 5):
 PSYoungGen      total 406016K, used 354110K [0x00000000e0000000, 0x00000000ff500000, 0x0000000100000000)
  eden space 303104K, 100% used [0x00000000e0000000,0x00000000f2800000,0x00000000f2800000)
  from space 102912K, 49% used [0x00000000f2800000,0x00000000f59cf8d8,0x00000000f8c80000)
  to   space 98304K, 0% used [0x00000000f9500000,0x00000000f9500000,0x00000000ff500000)
 ParOldGen       total 458752K, used 112310K [0x00000000a0000000, 0x00000000bc000000, 0x00000000e0000000)
  object space 458752K, 24% used [0x00000000a0000000,0x00000000a6dadb48,0x00000000bc000000)
 Metaspace       used 174190K, capacity 181496K, committed 182860K, reserved 1210368K
  class space    used 20179K, capacity 21679K, committed 21876K, reserved 1048576K
Event: 16057.549 GC heap after
Heap after GC invocations=77 (full 5):
 PSYoungGen      total 391168K, used 98287K [0x00000000e0000000, 0x0000000100000000, 0x0000000100000000)
  eden space 292864K, 0% used [0x00000000e0000000,0x00000000e0000000,0x00000000f1e00000)
  from space 98304K, 99% used [0x00000000f9500000,0x00000000ff4fbdf8,0x00000000ff500000)
  to   space 115712K, 0% used [0x00000000f1e00000,0x00000000f1e00000,0x00000000f8f00000)
 ParOldGen       total 458752K, used 127142K [0x00000000a0000000, 0x00000000bc000000, 0x00000000e0000000)
  object space 458752K, 27% used [0x00000000a0000000,0x00000000a7c29b08,0x00000000bc000000)
 Metaspace       used 174190K, capacity 181496K, committed 182860K, reserved 1210368K
  class space    used 20179K, capacity 21679K, committed 21876K, reserved 1048576K
}
Event: 16060.418 GC heap before
{Heap before GC invocations=78 (full 5):
 PSYoungGen      total 391168K, used 391151K [0x00000000e0000000, 0x0000000100000000, 0x0000000100000000)
  eden space 292864K, 100% used [0x00000000e0000000,0x00000000f1e00000,0x00000000f1e00000)
  from space 98304K, 99% used [0x00000000f9500000,0x00000000ff4fbdf8,0x00000000ff500000)
  to   space 115712K, 0% used [0x00000000f1e00000,0x00000000f1e00000,0x00000000f8f00000)
 ParOldGen       total 458752K, used 127142K [0x00000000a0000000, 0x00000000bc000000, 0x00000000e0000000)
  object space 458752K, 27% used [0x00000000a0000000,0x00000000a7c29b08,0x00000000bc000000)
 Metaspace       used 174213K, capacity 181496K, committed 182860K, reserved 1210368K
  class space    used 20180K, capacity 21679K, committed 21876K, reserved 1048576K

