# JRE version: OpenJDK Runtime Environment (8.0_152-b02) (build 1.8.0_152-release-1024-b02)
# Java VM: OpenJDK 64-Bit Server VM (25.152-b02 mixed mode windows-amd64 compressed oops)
Heap:
 PSYoungGen      total 460800K, used 194892K [0x00000000e0000000, 0x00000000ff880000, 0x0000000100000000)
  eden space 405504K, 45% used [0x00000000e0000000,0x00000000eb375938,0x00000000f8c00000)
  from space 55296K, 20% used [0x00000000f8c00000,0x00000000f96dd840,0x00000000fc200000)
  to   space 52224K, 0% used [0x00000000fc580000,0x00000000fc580000,0x00000000ff880000)
 ParOldGen       total 253952K, used 142209K [0x00000000a0000000, 0x00000000af800000, 0x00000000e0000000)
  object space 253952K, 55% used [0x00000000a0000000,0x00000000a8ae04e0,0x00000000af800000)
 Metaspace       used 93327K, capacity 96630K, committed 96984K, reserved 1134592K
  class space    used 11647K, capacity 12429K, committed 12544K, reserved 1048576K
GC Heap History (10 events):
Event: 124.320 GC heap before
{Heap before GC invocations=24 (full 3):
 PSYoungGen      total 461824K, used 401022K [0x00000000e0000000, 0x0000000100000000, 0x0000000100000000)
  eden space 399360K, 100% used [0x00000000e0000000,0x00000000f8600000,0x00000000f8600000)
  from space 62464K, 2% used [0x00000000fc300000,0x00000000fc49fbe8,0x0000000100000000)
  to   space 62464K, 0% used [0x00000000f8600000,0x00000000f8600000,0x00000000fc300000)
 ParOldGen       total 253952K, used 142121K [0x00000000a0000000, 0x00000000af800000, 0x00000000e0000000)
  object space 253952K, 55% used [0x00000000a0000000,0x00000000a8aca4e0,0x00000000af800000)
 Metaspace       used 93058K, capacity 96426K, committed 96728K, reserved 1134592K
  class space    used 11637K, capacity 12427K, committed 12544K, reserved 1048576K
Event: 124.331 GC heap after
Heap after GC invocations=24 (full 3):
 PSYoungGen      total 402432K, used 2805K [0x00000000e0000000, 0x00000000ffd00000, 0x0000000100000000)
  eden space 399360K, 0% used [0x00000000e0000000,0x00000000e0000000,0x00000000f8600000)
  from space 3072K, 91% used [0x00000000f8600000,0x00000000f88bd5e8,0x00000000f8900000)
  to   space 60928K, 0% used [0x00000000fc180000,0x00000000fc180000,0x00000000ffd00000)
 ParOldGen       total 253952K, used 142185K [0x00000000a0000000, 0x00000000af800000, 0x00000000e0000000)
  object space 253952K, 55% used [0x00000000a0000000,0x00000000a8ada4e0,0x00000000af800000)
 Metaspace       used 93058K, capacity 96426K, committed 96728K, reserved 1134592K
  class space    used 11637K, capacity 12427K, committed 12544K, reserved 1048576K
}
Event: 125.780 GC heap before
{Heap before GC invocations=25 (full 3):
 PSYoungGen      total 402432K, used 402165K [0x00000000e0000000, 0x00000000ffd00000, 0x0000000100000000)
  eden space 399360K, 100% used [0x00000000e0000000,0x00000000f8600000,0x00000000f8600000)
  from space 3072K, 91% used [0x00000000f8600000,0x00000000f88bd5e8,0x00000000f8900000)
  to   space 60928K, 0% used [0x00000000fc180000,0x00000000fc180000,0x00000000ffd00000)
 ParOldGen       total 253952K, used 142185K [0x00000000a0000000, 0x00000000af800000, 0x00000000e0000000)
  object space 253952K, 55% used [0x00000000a0000000,0x00000000a8ada4e0,0x00000000af800000)
 Metaspace       used 93106K, capacity 96426K, committed 96728K, reserved 1134592K
  class space    used 11637K, capacity 12427K, committed 12544K, reserved 1048576K
Event: 125.792 GC heap after
Heap after GC invocations=25 (full 3):
 PSYoungGen      total 461824K, used 5018K [0x00000000e0000000, 0x0000000100000000, 0x0000000100000000)
  eden space 400896K, 0% used [0x00000000e0000000,0x00000000e0000000,0x00000000f8780000)
  from space 60928K, 8% used [0x00000000fc180000,0x00000000fc666ae0,0x00000000ffd00000)
  to   space 59392K, 0% used [0x00000000f8780000,0x00000000f8780000,0x00000000fc180000)
 ParOldGen       total 253952K, used 142193K [0x00000000a0000000, 0x00000000af800000, 0x00000000e0000000)
  object space 253952K, 55% used [0x00000000a0000000,0x00000000a8adc4e0,0x00000000af800000)
 Metaspace       used 93106K, capacity 96426K, committed 96728K, reserved 1134592K
  class space    used 11637K, capacity 12427K, committed 12544K, reserved 1048576K
}
Event: 126.769 GC heap before
{Heap before GC invocations=26 (full 3):
 PSYoungGen      total 461824K, used 405914K [0x00000000e0000000, 0x0000000100000000, 0x0000000100000000)
  eden space 400896K, 100% used [0x00000000e0000000,0x00000000f8780000,0x00000000f8780000)
  from space 60928K, 8% used [0x00000000fc180000,0x00000000fc666ae0,0x00000000ffd00000)
  to   space 59392K, 0% used [0x00000000f8780000,0x00000000f8780000,0x00000000fc180000)
 ParOldGen       total 253952K, used 142193K [0x00000000a0000000, 0x00000000af800000, 0x00000000e0000000)
  object space 253952K, 55% used [0x00000000a0000000,0x00000000a8adc4e0,0x00000000af800000)
 Metaspace       used 93149K, capacity 96426K, committed 96728K, reserved 1134592K
  class space    used 11638K, capacity 12427K, committed 12544K, reserved 1048576K
Event: 126.783 GC heap after
Heap after GC invocations=26 (full 3):
 PSYoungGen      total 460288K, used 9036K [0x00000000e0000000, 0x00000000ff980000, 0x0000000100000000)
  eden space 400896K, 0% used [0x00000000e0000000,0x00000000e0000000,0x00000000f8780000)
  from space 59392K, 15% used [0x00000000f8780000,0x00000000f9053308,0x00000000fc180000)
  to   space 56832K, 0% used [0x00000000fc200000,0x00000000fc200000,0x00000000ff980000)
 ParOldGen       total 253952K, used 142201K [0x00000000a0000000, 0x00000000af800000, 0x00000000e0000000)
  object space 253952K, 55% used [0x00000000a0000000,0x00000000a8ade4e0,0x00000000af800000)
 Metaspace       used 93149K, capacity 96426K, committed 96728K, reserved 1134592K
  class space    used 11638K, capacity 12427K, committed 12544K, reserved 1048576K
}
Event: 128.757 GC heap before
{Heap before GC invocations=27 (full 3):
 PSYoungGen      total 460288K, used 409932K [0x00000000e0000000, 0x00000000ff980000, 0x0000000100000000)
  eden space 400896K, 100% used [0x00000000e0000000,0x00000000f8780000,0x00000000f8780000)
  from space 59392K, 15% used [0x00000000f8780000,0x00000000f9053308,0x00000000fc180000)
  to   space 56832K, 0% used [0x00000000fc200000,0x00000000fc200000,0x00000000ff980000)
 ParOldGen       total 253952K, used 142201K [0x00000000a0000000, 0x00000000af800000, 0x00000000e0000000)
  object space 253952K, 55% used [0x00000000a0000000,0x00000000a8ade4e0,0x00000000af800000)
 Metaspace       used 93242K, capacity 96566K, committed 96984K, reserved 1134592K
  class space    used 11641K, capacity 12429K, committed 12544K, reserved 1048576K
Event: 128.763 GC heap after
Heap after GC invocations=27 (full 3):
 PSYoungGen      total 462336K, used 1248K [0x00000000e0000000, 0x00000000ffa80000, 0x0000000100000000)
  eden space 405504K, 0% used [0x00000000e0000000,0x00000000e0000000,0x00000000f8c00000)
  from space 56832K, 2% used [0x00000000fc200000,0x00000000fc338000,0x00000000ff980000)
  to   space 55296K, 0% used [0x00000000f8c00000,0x00000000f8c00000,0x00000000fc200000)
 ParOldGen       total 253952K, used 142209K [0x00000000a0000000, 0x00000000af800000, 0x00000000e0000000)
  object space 253952K, 55% used [0x00000000a0000000,0x00000000a8ae04e0,0x00000000af800000)
 Metaspace       used 93242K, capacity 96566K, committed 96984K, reserved 1134592K
  class space    used 11641K, capacity 12429K, committed 12544K, reserved 1048576K
}
Event: 133.188 GC heap before
{Heap before GC invocations=28 (full 3):
 PSYoungGen      total 462336K, used 406752K [0x00000000e0000000, 0x00000000ffa80000, 0x0000000100000000)
  eden space 405504K, 100% used [0x00000000e0000000,0x00000000f8c00000,0x00000000f8c00000)
  from space 56832K, 2% used [0x00000000fc200000,0x00000000fc338000,0x00000000ff980000)
  to   space 55296K, 0% used [0x00000000f8c00000,0x00000000f8c00000,0x00000000fc200000)
 ParOldGen       total 253952K, used 142209K [0x00000000a0000000, 0x00000000af800000, 0x00000000e0000000)
  object space 253952K, 55% used [0x00000000a0000000,0x00000000a8ae04e0,0x00000000af800000)
 Metaspace       used 93320K, capacity 96630K, committed 96984K, reserved 1134592K
  class space    used 11647K, capacity 12429K, committed 12544K, reserved 1048576K
Event: 133.212 GC heap after
Heap after GC invocations=28 (full 3):
 PSYoungGen      total 460800K, used 11126K [0x00000000e0000000, 0x00000000ff880000, 0x0000000100000000)
  eden space 405504K, 0% used [0x00000000e0000000,0x00000000e0000000,0x00000000f8c00000)
  from space 55296K, 20% used [0x00000000f8c00000,0x00000000f96dd840,0x00000000fc200000)
  to   space 52224K, 0% used [0x00000000fc580000,0x00000000fc580000,0x00000000ff880000)
 ParOldGen       total 253952K, used 142209K [0x00000000a0000000, 0x00000000af800000, 0x00000000e0000000)
  object space 253952K, 55% used [0x00000000a0000000,0x00000000a8ae04e0,0x00000000af800000)
 Metaspace       used 93320K, capacity 96630K, committed 96984K, reserved 1134592K
  class space    used 11647K, capacity 12429K, committed 12544K, reserved 1048576K
}

